

*******************************************************************************
Tue May 12 17:56:20 2020


FIT:    data read from "Analysis_2D_Ising_Magnetization.dat" using 1:3
        format = x:z
        x range restricted to [0.00000 : 50.0000]
        #datapoints = 51
        residuals are weighted equally (unit weight)

function used for fitting: f(x)
	f(x)=exp(-x/t)
fitted parameters initialized with current variable values

iter      chisq       delta/lim  lambda   t            
   0 1.2734540190e-01   0.00e+00  6.83e-02    1.000000e+00
   3 1.9563589515e-02  -1.73e-01  6.83e-05    1.710120e+00

After 3 iterations the fit converged.
final sum of squares of residuals : 0.0195636
rel. change during last iteration : -1.72857e-06

degrees of freedom    (FIT_NDF)                        : 50
rms of residuals      (FIT_STDFIT) = sqrt(WSSR/ndf)    : 0.0197806
variance of residuals (reduced chisquare) = WSSR/ndf   : 0.000391272

Final set of parameters            Asymptotic Standard Error
=======================            ==========================
t               = 1.71012          +/- 0.05193      (3.037%)
